<?xml version="1.0" encoding="UTF-8"?>
<!-- Generated by org.testng.reporters.JUnitXMLReporter -->
<testsuite hostname="sachin4597-01" ignored="8" name="selenium" tests="22" failures="0" timestamp="2019-10-01T18:32:49 IST" time="110.457" errors="0">
  <testcase name="tc_NAG_NAGP_13_AddComments" time="6.242" classname="com.nag.nagp.wunderList.testcases.Test_WunderList_TaskComment_API"/>
  <testcase name="tc_NAG_NAGP_13_AddComments" time="4.015" classname="com.nag.nagp.wunderList.testcases.Test_WunderList_TaskComment_API"/>
  <testcase name="tc_NAG_NAGP_1_AddList" time="3.218" classname="com.nag.nagp.wunderList.testcases.Test_WunderList_List_API"/>
  <testcase name="tc_NAG_NAGP_2_AddUpdateList" time="4.991" classname="com.nag.nagp.wunderList.testcases.Test_WunderList_List_API"/>
  <testcase name="tc_NAG_NAGP_3_AddDeleteList" time="5.26" classname="com.nag.nagp.wunderList.testcases.Test_WunderList_List_API"/>
  <testcase name="tc_NAG_NAGP_4_AddUpdateDeleteList" time="6.534" classname="com.nag.nagp.wunderList.testcases.Test_WunderList_List_API"/>
  <testcase name="tc_NAG_NAGP_5_AddTask" time="4.771" classname="com.nag.nagp.wunderList.testcases.Test_WunderList_Task_API"/>
  <testcase name="tc_NAG_NAGP_5_AddTask" time="3.065" classname="com.nag.nagp.wunderList.testcases.Test_WunderList_Task_API"/>
  <testcase name="tc_NAG_NAGP_6_AddUpdateTask" time="3.367" classname="com.nag.nagp.wunderList.testcases.Test_WunderList_Task_API"/>
  <testcase name="tc_NAG_NAGP_7_AddDeleteTask" time="4.714" classname="com.nag.nagp.wunderList.testcases.Test_WunderList_Task_API"/>
  <testcase name="tc_NAG_NAGP_7_AddDeleteTask" time="4.498" classname="com.nag.nagp.wunderList.testcases.Test_WunderList_Task_API"/>
  <testcase name="tc_NAG_NAGP_8_AddUpdateDeleteTask" time="6.062" classname="com.nag.nagp.wunderList.testcases.Test_WunderList_Task_API"/>
  <testcase name="tc_NAG_NAGP_10_AddUpdateSubTask" time="2.976" classname="com.nag.nagp.wunderList.testcases.Test_WunderList_SubTask_API"/>
  <testcase name="tc_NAG_NAGP_10_AddUpdateSubTask" time="3.171" classname="com.nag.nagp.wunderList.testcases.Test_WunderList_SubTask_API"/>
  <testcase name="tc_NAG_NAGP_11_AddDeleteSubTask" time="4.323" classname="com.nag.nagp.wunderList.testcases.Test_WunderList_SubTask_API"/>
  <testcase name="tc_NAG_NAGP_11_AddDeleteSubTask" time="4.597" classname="com.nag.nagp.wunderList.testcases.Test_WunderList_SubTask_API"/>
  <testcase name="tc_NAG_NAGP_12_AddUpdateDeleteSubTask" time="6.174" classname="com.nag.nagp.wunderList.testcases.Test_WunderList_SubTask_API"/>
  <testcase name="tc_NAG_NAGP_12_AddUpdateDeleteSubTask" time="6.135" classname="com.nag.nagp.wunderList.testcases.Test_WunderList_SubTask_API"/>
  <testcase name="tc_NAG_NAGP_9_AddSubTask" time="3.103" classname="com.nag.nagp.wunderList.testcases.Test_WunderList_SubTask_API"/>
  <testcase name="tc_NAG_NAGP_9_AddSubTask" time="3.058" classname="com.nag.nagp.wunderList.testcases.Test_WunderList_SubTask_API"/>
  <testcase name="tc_NAG_NAGP_14_AddGetUpdateDeleteGetNotes" time="10.275" classname="com.nag.nagp.wunderList.testcases.Test_WunderList_Notes_API"/>
  <testcase name="tc_NAG_NAGP_14_AddGetUpdateDeleteGetNotes" time="7.566" classname="com.nag.nagp.wunderList.testcases.Test_WunderList_Notes_API"/>
  <testcase name="@BeforeSuite BeforeSuite" time="0.0" classname="com.nag.nagp.testcasebase.TestCasesBase">
    <ignored/>
  </testcase> <!-- @BeforeSuite BeforeSuite -->
  <testcase name="@BeforeSuite BeforeSuite" time="0.0" classname="com.nag.nagp.testcasebase.TestCasesBase">
    <ignored/>
  </testcase> <!-- @BeforeSuite BeforeSuite -->
  <testcase name="@BeforeSuite BeforeSuite" time="0.0" classname="com.nag.nagp.testcasebase.TestCasesBase">
    <ignored/>
  </testcase> <!-- @BeforeSuite BeforeSuite -->
  <testcase name="@BeforeSuite BeforeSuite" time="0.0" classname="com.nag.nagp.testcasebase.TestCasesBase">
    <ignored/>
  </testcase> <!-- @BeforeSuite BeforeSuite -->
  <testcase name="@AfterSuite tearDown" time="0.0" classname="com.nag.nagp.testcasebase.TestCasesBase">
    <ignored/>
  </testcase> <!-- @AfterSuite tearDown -->
  <testcase name="@AfterSuite tearDown" time="0.0" classname="com.nag.nagp.testcasebase.TestCasesBase">
    <ignored/>
  </testcase> <!-- @AfterSuite tearDown -->
  <testcase name="@AfterSuite tearDown" time="0.0" classname="com.nag.nagp.testcasebase.TestCasesBase">
    <ignored/>
  </testcase> <!-- @AfterSuite tearDown -->
  <testcase name="@AfterSuite tearDown" time="0.0" classname="com.nag.nagp.testcasebase.TestCasesBase">
    <ignored/>
  </testcase> <!-- @AfterSuite tearDown -->
</testsuite> <!-- selenium -->
