<?xml version="1.0" encoding="UTF-8"?>
<!-- Generated by org.testng.reporters.JUnitXMLReporter -->
<testsuite hostname="sachin4597-01" ignored="8" name="Wunderlist Rest API" tests="22" failures="0" timestamp="2019-10-02T20:19:36 IST" time="100.887" errors="0">
  <testcase name="tc_NAG_NAGP_13_AddComments" time="13.857" classname="com.nag.wunderList.testcases.Test_WunderList_TaskComment_API"/>
  <testcase name="tc_NAG_NAGP_13_AddComments" time="2.344" classname="com.nag.wunderList.testcases.Test_WunderList_TaskComment_API"/>
  <testcase name="tc_NAG_NAGP_1_AddList" time="3.135" classname="com.nag.wunderList.testcases.Test_WunderList_List_API"/>
  <testcase name="tc_NAG_NAGP_2_AddUpdateList" time="4.24" classname="com.nag.wunderList.testcases.Test_WunderList_List_API"/>
  <testcase name="tc_NAG_NAGP_3_AddDeleteList" time="3.722" classname="com.nag.wunderList.testcases.Test_WunderList_List_API"/>
  <testcase name="tc_NAG_NAGP_4_AddUpdateDeleteList" time="5.076" classname="com.nag.wunderList.testcases.Test_WunderList_List_API"/>
  <testcase name="tc_NAG_NAGP_5_AddTask" time="4.963" classname="com.nag.wunderList.testcases.Test_WunderList_Task_API"/>
  <testcase name="tc_NAG_NAGP_5_AddTask" time="3.06" classname="com.nag.wunderList.testcases.Test_WunderList_Task_API"/>
  <testcase name="tc_NAG_NAGP_6_AddUpdateTask" time="2.661" classname="com.nag.wunderList.testcases.Test_WunderList_Task_API"/>
  <testcase name="tc_NAG_NAGP_7_AddDeleteTask" time="3.273" classname="com.nag.wunderList.testcases.Test_WunderList_Task_API"/>
  <testcase name="tc_NAG_NAGP_7_AddDeleteTask" time="3.388" classname="com.nag.wunderList.testcases.Test_WunderList_Task_API"/>
  <testcase name="tc_NAG_NAGP_8_AddUpdateDeleteTask" time="5.186" classname="com.nag.wunderList.testcases.Test_WunderList_Task_API"/>
  <testcase name="tc_NAG_NAGP_10_AddUpdateSubTask" time="2.448" classname="com.nag.wunderList.testcases.Test_WunderList_SubTask_API"/>
  <testcase name="tc_NAG_NAGP_10_AddUpdateSubTask" time="2.362" classname="com.nag.wunderList.testcases.Test_WunderList_SubTask_API"/>
  <testcase name="tc_NAG_NAGP_11_AddDeleteSubTask" time="4.266" classname="com.nag.wunderList.testcases.Test_WunderList_SubTask_API"/>
  <testcase name="tc_NAG_NAGP_11_AddDeleteSubTask" time="3.795" classname="com.nag.wunderList.testcases.Test_WunderList_SubTask_API"/>
  <testcase name="tc_NAG_NAGP_12_AddUpdateDeleteSubTask" time="5.978" classname="com.nag.wunderList.testcases.Test_WunderList_SubTask_API"/>
  <testcase name="tc_NAG_NAGP_12_AddUpdateDeleteSubTask" time="6.659" classname="com.nag.wunderList.testcases.Test_WunderList_SubTask_API"/>
  <testcase name="tc_NAG_NAGP_9_AddSubTask" time="3.064" classname="com.nag.wunderList.testcases.Test_WunderList_SubTask_API"/>
  <testcase name="tc_NAG_NAGP_9_AddSubTask" time="2.784" classname="com.nag.wunderList.testcases.Test_WunderList_SubTask_API"/>
  <testcase name="tc_NAG_NAGP_14_AddGetUpdateDeleteGetNotes" time="7.68" classname="com.nag.wunderList.testcases.Test_WunderList_Notes_API"/>
  <testcase name="tc_NAG_NAGP_14_AddGetUpdateDeleteGetNotes" time="5.445" classname="com.nag.wunderList.testcases.Test_WunderList_Notes_API"/>
  <testcase name="@BeforeSuite BeforeSuite" time="0.0" classname="com.nag.restapi.testcasebase.TestCasesBase">
    <ignored/>
  </testcase> <!-- @BeforeSuite BeforeSuite -->
  <testcase name="@BeforeSuite BeforeSuite" time="0.0" classname="com.nag.restapi.testcasebase.TestCasesBase">
    <ignored/>
  </testcase> <!-- @BeforeSuite BeforeSuite -->
  <testcase name="@BeforeSuite BeforeSuite" time="0.0" classname="com.nag.restapi.testcasebase.TestCasesBase">
    <ignored/>
  </testcase> <!-- @BeforeSuite BeforeSuite -->
  <testcase name="@BeforeSuite BeforeSuite" time="0.0" classname="com.nag.restapi.testcasebase.TestCasesBase">
    <ignored/>
  </testcase> <!-- @BeforeSuite BeforeSuite -->
  <testcase name="@AfterSuite tearDown" time="0.0" classname="com.nag.restapi.testcasebase.TestCasesBase">
    <ignored/>
  </testcase> <!-- @AfterSuite tearDown -->
  <testcase name="@AfterSuite tearDown" time="0.0" classname="com.nag.restapi.testcasebase.TestCasesBase">
    <ignored/>
  </testcase> <!-- @AfterSuite tearDown -->
  <testcase name="@AfterSuite tearDown" time="0.0" classname="com.nag.restapi.testcasebase.TestCasesBase">
    <ignored/>
  </testcase> <!-- @AfterSuite tearDown -->
  <testcase name="@AfterSuite tearDown" time="0.0" classname="com.nag.restapi.testcasebase.TestCasesBase">
    <ignored/>
  </testcase> <!-- @AfterSuite tearDown -->
</testsuite> <!-- Wunderlist Rest API -->
