<?xml version="1.0" encoding="UTF-8"?>
<!-- Generated by org.testng.reporters.JUnitXMLReporter -->
<testsuite hostname="sachin4597-01" ignored="18" name="Wunderlist : List Rest API" tests="4" failures="4" timestamp="2019-10-01T22:50:09 IST" time="0.647" errors="0">
  <testcase name="tc_NAG_NAGP_1_AddList" time="0.011" classname="com.nag.nagp.wunderList.testcases.Test_WunderList_List_API">
    <failure type="java.lang.NullPointerException">
      <![CDATA[java.lang.NullPointerException
at com.nag.nagp.wunderList.testcases.Test_WunderList_List_API.tc_NAG_NAGP_1_AddList(Test_WunderList_List_API.java:46)
at java.util.ArrayList.forEach(ArrayList.java:1257)
... Removed 27 stack frames]]>
    </failure>
  </testcase> <!-- tc_NAG_NAGP_1_AddList -->
  <testcase name="tc_NAG_NAGP_2_AddUpdateList" time="0.002" classname="com.nag.nagp.wunderList.testcases.Test_WunderList_List_API">
    <failure type="java.lang.NullPointerException">
      <![CDATA[java.lang.NullPointerException
at com.nag.nagp.wunderList.testcases.Test_WunderList_List_API.tc_NAG_NAGP_2_AddUpdateList(Test_WunderList_List_API.java:71)
at java.util.ArrayList.forEach(ArrayList.java:1257)
... Removed 27 stack frames]]>
    </failure>
  </testcase> <!-- tc_NAG_NAGP_2_AddUpdateList -->
  <testcase name="tc_NAG_NAGP_3_AddDeleteList" time="0.001" classname="com.nag.nagp.wunderList.testcases.Test_WunderList_List_API">
    <failure type="java.lang.NullPointerException">
      <![CDATA[java.lang.NullPointerException
at com.nag.nagp.wunderList.testcases.Test_WunderList_List_API.tc_NAG_NAGP_3_AddDeleteList(Test_WunderList_List_API.java:97)
at java.util.ArrayList.forEach(ArrayList.java:1257)
... Removed 27 stack frames]]>
    </failure>
  </testcase> <!-- tc_NAG_NAGP_3_AddDeleteList -->
  <testcase name="tc_NAG_NAGP_4_AddUpdateDeleteList" time="0.003" classname="com.nag.nagp.wunderList.testcases.Test_WunderList_List_API">
    <failure type="java.lang.NullPointerException">
      <![CDATA[java.lang.NullPointerException
at com.nag.nagp.wunderList.testcases.Test_WunderList_List_API.tc_NAG_NAGP_4_AddUpdateDeleteList(Test_WunderList_List_API.java:115)
at java.util.ArrayList.forEach(ArrayList.java:1257)
... Removed 27 stack frames]]>
    </failure>
  </testcase> <!-- tc_NAG_NAGP_4_AddUpdateDeleteList -->
  <testcase name="tc_NAG_NAGP_8_AddUpdateDeleteTask" time="0.0" classname="com.nag.nagp.wunderList.testcases.Test_WunderList_Task_API">
    <ignored/>
  </testcase> <!-- tc_NAG_NAGP_8_AddUpdateDeleteTask -->
  <testcase name="tc_NAG_NAGP_9_AddSubTask" time="0.0" classname="com.nag.nagp.wunderList.testcases.Test_WunderList_SubTask_API">
    <ignored/>
  </testcase> <!-- tc_NAG_NAGP_9_AddSubTask -->
  <testcase name="tc_NAG_NAGP_12_AddUpdateDeleteSubTask" time="0.0" classname="com.nag.nagp.wunderList.testcases.Test_WunderList_SubTask_API">
    <ignored/>
  </testcase> <!-- tc_NAG_NAGP_12_AddUpdateDeleteSubTask -->
  <testcase name="tc_NAG_NAGP_10_AddUpdateSubTask" time="0.0" classname="com.nag.nagp.wunderList.testcases.Test_WunderList_SubTask_API">
    <ignored/>
  </testcase> <!-- tc_NAG_NAGP_10_AddUpdateSubTask -->
  <testcase name="tc_NAG_NAGP_7_AddDeleteTask" time="0.0" classname="com.nag.nagp.wunderList.testcases.Test_WunderList_Task_API">
    <ignored/>
  </testcase> <!-- tc_NAG_NAGP_7_AddDeleteTask -->
  <testcase name="tc_NAG_NAGP_11_AddDeleteSubTask" time="0.0" classname="com.nag.nagp.wunderList.testcases.Test_WunderList_SubTask_API">
    <ignored/>
  </testcase> <!-- tc_NAG_NAGP_11_AddDeleteSubTask -->
  <testcase name="tc_NAG_NAGP_5_AddTask" time="0.0" classname="com.nag.nagp.wunderList.testcases.Test_WunderList_Task_API">
    <ignored/>
  </testcase> <!-- tc_NAG_NAGP_5_AddTask -->
  <testcase name="@BeforeSuite BeforeSuite" time="0.0" classname="com.nag.nagp.testcasebase.TestCasesBase">
    <ignored/>
  </testcase> <!-- @BeforeSuite BeforeSuite -->
  <testcase name="@BeforeSuite BeforeSuite" time="0.0" classname="com.nag.nagp.testcasebase.TestCasesBase">
    <ignored/>
  </testcase> <!-- @BeforeSuite BeforeSuite -->
  <testcase name="@BeforeSuite BeforeSuite" time="0.0" classname="com.nag.nagp.testcasebase.TestCasesBase">
    <ignored/>
  </testcase> <!-- @BeforeSuite BeforeSuite -->
  <testcase name="@BeforeSuite BeforeSuite" time="0.0" classname="com.nag.nagp.testcasebase.TestCasesBase">
    <ignored/>
  </testcase> <!-- @BeforeSuite BeforeSuite -->
  <testcase name="tc_NAG_NAGP_14_AddGetUpdateDeleteGetNotes" time="0.0" classname="com.nag.nagp.wunderList.testcases.Test_WunderList_Notes_API">
    <ignored/>
  </testcase> <!-- tc_NAG_NAGP_14_AddGetUpdateDeleteGetNotes -->
  <testcase name="@AfterSuite tearDown" time="0.0" classname="com.nag.nagp.testcasebase.TestCasesBase">
    <ignored/>
  </testcase> <!-- @AfterSuite tearDown -->
  <testcase name="@AfterSuite tearDown" time="0.0" classname="com.nag.nagp.testcasebase.TestCasesBase">
    <ignored/>
  </testcase> <!-- @AfterSuite tearDown -->
  <testcase name="@AfterSuite tearDown" time="0.0" classname="com.nag.nagp.testcasebase.TestCasesBase">
    <ignored/>
  </testcase> <!-- @AfterSuite tearDown -->
  <testcase name="@AfterSuite tearDown" time="0.0" classname="com.nag.nagp.testcasebase.TestCasesBase">
    <ignored/>
  </testcase> <!-- @AfterSuite tearDown -->
  <testcase name="tc_NAG_NAGP_13_AddComments" time="0.0" classname="com.nag.nagp.wunderList.testcases.Test_WunderList_TaskComment_API">
    <ignored/>
  </testcase> <!-- tc_NAG_NAGP_13_AddComments -->
  <testcase name="tc_NAG_NAGP_6_AddUpdateTask" time="0.0" classname="com.nag.nagp.wunderList.testcases.Test_WunderList_Task_API">
    <ignored/>
  </testcase> <!-- tc_NAG_NAGP_6_AddUpdateTask -->
</testsuite> <!-- Wunderlist : List Rest API -->
