<?xml version="1.0" encoding="UTF-8"?>
<!-- Generated by org.testng.reporters.JUnitXMLReporter -->
<testsuite hostname="sachin4597-01" ignored="0" name="Default test" tests="2" failures="0" timestamp="2019-10-01T18:30:36 IST" time="74.852" errors="0">
  <testcase name="tc_NAG_NAGP_14_AddGetUpdateDeleteGetNotes" time="65.436" classname="com.nag.nagp.wunderList.testcases.Test_WunderList_Notes_API"/>
  <testcase name="tc_NAG_NAGP_14_AddGetUpdateDeleteGetNotes" time="8.161" classname="com.nag.nagp.wunderList.testcases.Test_WunderList_Notes_API"/>
</testsuite> <!-- Default test -->
