<?xml version="1.0" encoding="UTF-8"?>
<!-- Generated by org.testng.reporters.JUnitXMLReporter -->
<testsuite hostname="sachin4597-01" ignored="8" name="Wunderlist Rest API" tests="22" failures="0" timestamp="01 Oct 2019 17:27:47 GMT" time="97.663" errors="0">
  <testcase name="tc_NAG_NAGP_13_AddComments" time="6.8" classname="com.nag.nagp.wunderList.testcases.Test_WunderList_TaskComment_API"/>
  <testcase name="tc_NAG_NAGP_13_AddComments" time="2.013" classname="com.nag.nagp.wunderList.testcases.Test_WunderList_TaskComment_API"/>
  <testcase name="tc_NAG_NAGP_1_AddList" time="2.285" classname="com.nag.nagp.wunderList.testcases.Test_WunderList_List_API"/>
  <testcase name="tc_NAG_NAGP_2_AddUpdateList" time="3.036" classname="com.nag.nagp.wunderList.testcases.Test_WunderList_List_API"/>
  <testcase name="tc_NAG_NAGP_3_AddDeleteList" time="2.942" classname="com.nag.nagp.wunderList.testcases.Test_WunderList_List_API"/>
  <testcase name="tc_NAG_NAGP_4_AddUpdateDeleteList" time="4.162" classname="com.nag.nagp.wunderList.testcases.Test_WunderList_List_API"/>
  <testcase name="tc_NAG_NAGP_5_AddTask" time="3.339" classname="com.nag.nagp.wunderList.testcases.Test_WunderList_Task_API"/>
  <testcase name="tc_NAG_NAGP_5_AddTask" time="1.982" classname="com.nag.nagp.wunderList.testcases.Test_WunderList_Task_API"/>
  <testcase name="tc_NAG_NAGP_6_AddUpdateTask" time="2.55" classname="com.nag.nagp.wunderList.testcases.Test_WunderList_Task_API"/>
  <testcase name="tc_NAG_NAGP_7_AddDeleteTask" time="2.975" classname="com.nag.nagp.wunderList.testcases.Test_WunderList_Task_API"/>
  <testcase name="tc_NAG_NAGP_7_AddDeleteTask" time="3.054" classname="com.nag.nagp.wunderList.testcases.Test_WunderList_Task_API"/>
  <testcase name="tc_NAG_NAGP_8_AddUpdateDeleteTask" time="4.183" classname="com.nag.nagp.wunderList.testcases.Test_WunderList_Task_API"/>
  <testcase name="tc_NAG_NAGP_10_AddUpdateSubTask" time="2.011" classname="com.nag.nagp.wunderList.testcases.Test_WunderList_SubTask_API"/>
  <testcase name="tc_NAG_NAGP_10_AddUpdateSubTask" time="1.935" classname="com.nag.nagp.wunderList.testcases.Test_WunderList_SubTask_API"/>
  <testcase name="tc_NAG_NAGP_11_AddDeleteSubTask" time="3.33" classname="com.nag.nagp.wunderList.testcases.Test_WunderList_SubTask_API"/>
  <testcase name="tc_NAG_NAGP_11_AddDeleteSubTask" time="3.376" classname="com.nag.nagp.wunderList.testcases.Test_WunderList_SubTask_API"/>
  <testcase name="tc_NAG_NAGP_12_AddUpdateDeleteSubTask" time="4.326" classname="com.nag.nagp.wunderList.testcases.Test_WunderList_SubTask_API"/>
  <testcase name="tc_NAG_NAGP_12_AddUpdateDeleteSubTask" time="4.169" classname="com.nag.nagp.wunderList.testcases.Test_WunderList_SubTask_API"/>
  <testcase name="tc_NAG_NAGP_9_AddSubTask" time="2.043" classname="com.nag.nagp.wunderList.testcases.Test_WunderList_SubTask_API"/>
  <testcase name="tc_NAG_NAGP_9_AddSubTask" time="1.967" classname="com.nag.nagp.wunderList.testcases.Test_WunderList_SubTask_API"/>
  <testcase name="tc_NAG_NAGP_14_AddGetUpdateDeleteGetNotes" time="19.63" classname="com.nag.nagp.wunderList.testcases.Test_WunderList_Notes_API"/>
  <testcase name="tc_NAG_NAGP_14_AddGetUpdateDeleteGetNotes" time="14.734" classname="com.nag.nagp.wunderList.testcases.Test_WunderList_Notes_API"/>
  <testcase name="@BeforeSuite BeforeSuite" time="0.0" classname="com.nag.nagp.testcasebase.TestCasesBase">
    <ignored/>
  </testcase> <!-- @BeforeSuite BeforeSuite -->
  <testcase name="@BeforeSuite BeforeSuite" time="0.0" classname="com.nag.nagp.testcasebase.TestCasesBase">
    <ignored/>
  </testcase> <!-- @BeforeSuite BeforeSuite -->
  <testcase name="@BeforeSuite BeforeSuite" time="0.0" classname="com.nag.nagp.testcasebase.TestCasesBase">
    <ignored/>
  </testcase> <!-- @BeforeSuite BeforeSuite -->
  <testcase name="@BeforeSuite BeforeSuite" time="0.0" classname="com.nag.nagp.testcasebase.TestCasesBase">
    <ignored/>
  </testcase> <!-- @BeforeSuite BeforeSuite -->
  <testcase name="@AfterSuite tearDown" time="0.0" classname="com.nag.nagp.testcasebase.TestCasesBase">
    <ignored/>
  </testcase> <!-- @AfterSuite tearDown -->
  <testcase name="@AfterSuite tearDown" time="0.0" classname="com.nag.nagp.testcasebase.TestCasesBase">
    <ignored/>
  </testcase> <!-- @AfterSuite tearDown -->
  <testcase name="@AfterSuite tearDown" time="0.0" classname="com.nag.nagp.testcasebase.TestCasesBase">
    <ignored/>
  </testcase> <!-- @AfterSuite tearDown -->
  <testcase name="@AfterSuite tearDown" time="0.0" classname="com.nag.nagp.testcasebase.TestCasesBase">
    <ignored/>
  </testcase> <!-- @AfterSuite tearDown -->
</testsuite> <!-- Wunderlist Rest API -->
