<?xml version="1.0" encoding="UTF-8"?>
<testng-results skipped="0" failed="0" ignored="8" total="30" passed="22">
  <reporter-output>
  </reporter-output>
  <suite name="RegressionSuite" duration-ms="100887" started-at="2019-10-02T20:17:55 IST" finished-at="2019-10-02T20:19:36 IST">
    <groups>
      <group name="Comment">
        <method signature="Test_WunderList_TaskComment_API.tc_NAG_NAGP_13_AddComments(java.util.ArrayList, java.util.ArrayList)[pri:0, instance:com.nag.wunderList.testcases.Test_WunderList_TaskComment_API@711f39f9]" name="tc_NAG_NAGP_13_AddComments" class="com.nag.wunderList.testcases.Test_WunderList_TaskComment_API"/>
      </group> <!-- Comment -->
      <group name="Task">
        <method signature="Test_WunderList_Task_API.tc_NAG_NAGP_5_AddTask(java.util.ArrayList, java.util.ArrayList)[pri:0, instance:com.nag.wunderList.testcases.Test_WunderList_Task_API@7f13d6e]" name="tc_NAG_NAGP_5_AddTask" class="com.nag.wunderList.testcases.Test_WunderList_Task_API"/>
        <method signature="Test_WunderList_Task_API.tc_NAG_NAGP_6_AddUpdateTask(java.util.ArrayList, java.util.ArrayList)[pri:0, instance:com.nag.wunderList.testcases.Test_WunderList_Task_API@7f13d6e]" name="tc_NAG_NAGP_6_AddUpdateTask" class="com.nag.wunderList.testcases.Test_WunderList_Task_API"/>
        <method signature="Test_WunderList_Task_API.tc_NAG_NAGP_7_AddDeleteTask(java.util.ArrayList, java.util.ArrayList)[pri:0, instance:com.nag.wunderList.testcases.Test_WunderList_Task_API@7f13d6e]" name="tc_NAG_NAGP_7_AddDeleteTask" class="com.nag.wunderList.testcases.Test_WunderList_Task_API"/>
        <method signature="Test_WunderList_Task_API.tc_NAG_NAGP_8_AddUpdateDeleteTask(java.util.ArrayList, java.util.ArrayList)[pri:0, instance:com.nag.wunderList.testcases.Test_WunderList_Task_API@7f13d6e]" name="tc_NAG_NAGP_8_AddUpdateDeleteTask" class="com.nag.wunderList.testcases.Test_WunderList_Task_API"/>
      </group> <!-- Task -->
      <group name="Subtask">
        <method signature="Test_WunderList_SubTask_API.tc_NAG_NAGP_10_AddUpdateSubTask(java.util.ArrayList, java.util.ArrayList)[pri:0, instance:com.nag.wunderList.testcases.Test_WunderList_SubTask_API@51cdd8a]" name="tc_NAG_NAGP_10_AddUpdateSubTask" class="com.nag.wunderList.testcases.Test_WunderList_SubTask_API"/>
        <method signature="Test_WunderList_SubTask_API.tc_NAG_NAGP_11_AddDeleteSubTask(java.util.ArrayList, java.util.ArrayList)[pri:0, instance:com.nag.wunderList.testcases.Test_WunderList_SubTask_API@51cdd8a]" name="tc_NAG_NAGP_11_AddDeleteSubTask" class="com.nag.wunderList.testcases.Test_WunderList_SubTask_API"/>
        <method signature="Test_WunderList_SubTask_API.tc_NAG_NAGP_12_AddUpdateDeleteSubTask(java.util.ArrayList, java.util.ArrayList)[pri:0, instance:com.nag.wunderList.testcases.Test_WunderList_SubTask_API@51cdd8a]" name="tc_NAG_NAGP_12_AddUpdateDeleteSubTask" class="com.nag.wunderList.testcases.Test_WunderList_SubTask_API"/>
        <method signature="Test_WunderList_SubTask_API.tc_NAG_NAGP_9_AddSubTask(java.util.ArrayList, java.util.ArrayList)[pri:0, instance:com.nag.wunderList.testcases.Test_WunderList_SubTask_API@51cdd8a]" name="tc_NAG_NAGP_9_AddSubTask" class="com.nag.wunderList.testcases.Test_WunderList_SubTask_API"/>
      </group> <!-- Subtask -->
      <group name="List">
        <method signature="Test_WunderList_List_API.tc_NAG_NAGP_1_AddList(java.util.ArrayList, java.util.ArrayList)[pri:0, instance:com.nag.wunderList.testcases.Test_WunderList_List_API@71bbf57e]" name="tc_NAG_NAGP_1_AddList" class="com.nag.wunderList.testcases.Test_WunderList_List_API"/>
        <method signature="Test_WunderList_List_API.tc_NAG_NAGP_2_AddUpdateList(java.util.ArrayList, java.util.ArrayList)[pri:0, instance:com.nag.wunderList.testcases.Test_WunderList_List_API@71bbf57e]" name="tc_NAG_NAGP_2_AddUpdateList" class="com.nag.wunderList.testcases.Test_WunderList_List_API"/>
        <method signature="Test_WunderList_List_API.tc_NAG_NAGP_3_AddDeleteList(java.util.ArrayList, java.util.ArrayList)[pri:0, instance:com.nag.wunderList.testcases.Test_WunderList_List_API@71bbf57e]" name="tc_NAG_NAGP_3_AddDeleteList" class="com.nag.wunderList.testcases.Test_WunderList_List_API"/>
        <method signature="Test_WunderList_List_API.tc_NAG_NAGP_4_AddUpdateDeleteList(java.util.ArrayList, java.util.ArrayList)[pri:0, instance:com.nag.wunderList.testcases.Test_WunderList_List_API@71bbf57e]" name="tc_NAG_NAGP_4_AddUpdateDeleteList" class="com.nag.wunderList.testcases.Test_WunderList_List_API"/>
      </group> <!-- List -->
      <group name="Notes">
        <method signature="Test_WunderList_Notes_API.tc_NAG_NAGP_14_AddGetUpdateDeleteGetNotes(java.util.ArrayList, java.util.ArrayList)[pri:0, instance:com.nag.wunderList.testcases.Test_WunderList_Notes_API@d44fc21]" name="tc_NAG_NAGP_14_AddGetUpdateDeleteGetNotes" class="com.nag.wunderList.testcases.Test_WunderList_Notes_API"/>
      </group> <!-- Notes -->
    </groups>
    <test name="Wunderlist Rest API" duration-ms="100887" started-at="2019-10-02T20:17:55 IST" finished-at="2019-10-02T20:19:36 IST">
      <class name="com.nag.wunderList.testcases.Test_WunderList_TaskComment_API">
        <test-method status="PASS" signature="BeforeSuite()[pri:0, instance:com.nag.wunderList.testcases.Test_WunderList_TaskComment_API@711f39f9]" name="BeforeSuite" is-config="true" duration-ms="716" started-at="2019-10-02T20:17:54 IST" finished-at="2019-10-02T20:17:55 IST">
          <reporter-output>
          </reporter-output>
        </test-method> <!-- BeforeSuite -->
        <test-method status="PASS" signature="initiate()[pri:0, instance:com.nag.wunderList.testcases.Test_WunderList_TaskComment_API@711f39f9]" name="initiate" is-config="true" duration-ms="1" started-at="2019-10-02T20:17:55 IST" finished-at="2019-10-02T20:17:55 IST">
          <reporter-output>
          </reporter-output>
        </test-method> <!-- initiate -->
        <test-method status="PASS" signature="initializeRestClient(java.lang.reflect.Method)[pri:0, instance:com.nag.wunderList.testcases.Test_WunderList_TaskComment_API@711f39f9]" name="initializeRestClient" is-config="true" duration-ms="7" started-at="2019-10-02T20:17:56 IST" finished-at="2019-10-02T20:17:56 IST">
          <params>
            <param index="0">
              <value>
                <![CDATA[public void com.nag.wunderList.testcases.Test_WunderList_TaskComment_API.tc_NAG_NAGP_13_AddComments(java.util.ArrayList,java.util.ArrayList) throws java.lang.Exception]]>
              </value>
            </param>
          </params>
          <reporter-output>
          </reporter-output>
        </test-method> <!-- initializeRestClient -->
        <test-method status="PASS" signature="tc_NAG_NAGP_13_AddComments(java.util.ArrayList, java.util.ArrayList)[pri:0, instance:com.nag.wunderList.testcases.Test_WunderList_TaskComment_API@711f39f9]" name="tc_NAG_NAGP_13_AddComments" duration-ms="13857" started-at="2019-10-02T20:17:56 IST" description="Validate that a user is able to Add a Comment using WunderLink API." data-provider="Add TaskComments" finished-at="2019-10-02T20:18:10 IST">
          <params>
            <param index="0">
              <value>
                <![CDATA[[task_id, text]]]>
              </value>
            </param>
            <param index="1">
              <value>
                <![CDATA[[5447815366, Hey There]]]>
              </value>
            </param>
          </params>
          <reporter-output>
          </reporter-output>
        </test-method> <!-- tc_NAG_NAGP_13_AddComments -->
        <test-method status="PASS" signature="getResult(org.testng.ITestResult)[pri:0, instance:com.nag.wunderList.testcases.Test_WunderList_TaskComment_API@711f39f9]" name="getResult" is-config="true" duration-ms="4" started-at="2019-10-02T20:18:10 IST" finished-at="2019-10-02T20:18:10 IST">
          <params>
            <param index="0">
              <value>
                <![CDATA[[TestResult name=tc_NAG_NAGP_13_AddComments status=SUCCESS method=Test_WunderList_TaskComment_API.tc_NAG_NAGP_13_AddComments(java.util.ArrayList, java.util.ArrayList)[pri:0, instance:com.nag.wunderList.testcases.Test_WunderList_TaskComment_API@711f39f9] output={null}]]]>
              </value>
            </param>
          </params>
          <reporter-output>
          </reporter-output>
        </test-method> <!-- getResult -->
        <test-method status="PASS" signature="initializeRestClient(java.lang.reflect.Method)[pri:0, instance:com.nag.wunderList.testcases.Test_WunderList_TaskComment_API@711f39f9]" name="initializeRestClient" is-config="true" duration-ms="2" started-at="2019-10-02T20:18:10 IST" finished-at="2019-10-02T20:18:10 IST">
          <params>
            <param index="0">
              <value>
                <![CDATA[public void com.nag.wunderList.testcases.Test_WunderList_TaskComment_API.tc_NAG_NAGP_13_AddComments(java.util.ArrayList,java.util.ArrayList) throws java.lang.Exception]]>
              </value>
            </param>
          </params>
          <reporter-output>
          </reporter-output>
        </test-method> <!-- initializeRestClient -->
        <test-method status="PASS" signature="tc_NAG_NAGP_13_AddComments(java.util.ArrayList, java.util.ArrayList)[pri:0, instance:com.nag.wunderList.testcases.Test_WunderList_TaskComment_API@711f39f9]" name="tc_NAG_NAGP_13_AddComments" duration-ms="2344" started-at="2019-10-02T20:18:10 IST" description="Validate that a user is able to Add a Comment using WunderLink API." data-provider="Add TaskComments" finished-at="2019-10-02T20:18:12 IST">
          <params>
            <param index="0">
              <value>
                <![CDATA[[task_id, text]]]>
              </value>
            </param>
            <param index="1">
              <value>
                <![CDATA[[5447815366, How are you.]]]>
              </value>
            </param>
          </params>
          <reporter-output>
          </reporter-output>
        </test-method> <!-- tc_NAG_NAGP_13_AddComments -->
        <test-method status="PASS" signature="getResult(org.testng.ITestResult)[pri:0, instance:com.nag.wunderList.testcases.Test_WunderList_TaskComment_API@711f39f9]" name="getResult" is-config="true" duration-ms="2" started-at="2019-10-02T20:18:12 IST" finished-at="2019-10-02T20:18:12 IST">
          <params>
            <param index="0">
              <value>
                <![CDATA[[TestResult name=tc_NAG_NAGP_13_AddComments status=SUCCESS method=Test_WunderList_TaskComment_API.tc_NAG_NAGP_13_AddComments(java.util.ArrayList, java.util.ArrayList)[pri:0, instance:com.nag.wunderList.testcases.Test_WunderList_TaskComment_API@711f39f9] output={null}]]]>
              </value>
            </param>
          </params>
          <reporter-output>
          </reporter-output>
        </test-method> <!-- getResult -->
        <test-method status="PASS" signature="tearDown()[pri:0, instance:com.nag.wunderList.testcases.Test_WunderList_TaskComment_API@711f39f9]" name="tearDown" is-config="true" duration-ms="264" started-at="2019-10-02T20:19:36 IST" finished-at="2019-10-02T20:19:36 IST">
          <reporter-output>
          </reporter-output>
        </test-method> <!-- tearDown -->
      </class> <!-- com.nag.wunderList.testcases.Test_WunderList_TaskComment_API -->
      <class name="com.nag.wunderList.testcases.Test_WunderList_List_API">
        <test-method status="PASS" signature="initiate()[pri:0, instance:com.nag.wunderList.testcases.Test_WunderList_List_API@71bbf57e]" name="initiate" is-config="true" duration-ms="1" started-at="2019-10-02T20:18:12 IST" finished-at="2019-10-02T20:18:12 IST">
          <reporter-output>
          </reporter-output>
        </test-method> <!-- initiate -->
        <test-method status="PASS" signature="initializeRestClient(java.lang.reflect.Method)[pri:0, instance:com.nag.wunderList.testcases.Test_WunderList_List_API@71bbf57e]" name="initializeRestClient" is-config="true" duration-ms="1" started-at="2019-10-02T20:18:12 IST" finished-at="2019-10-02T20:18:12 IST">
          <params>
            <param index="0">
              <value>
                <![CDATA[public void com.nag.wunderList.testcases.Test_WunderList_List_API.tc_NAG_NAGP_1_AddList(java.util.ArrayList,java.util.ArrayList) throws java.lang.Exception]]>
              </value>
            </param>
          </params>
          <reporter-output>
          </reporter-output>
        </test-method> <!-- initializeRestClient -->
        <test-method status="PASS" signature="tc_NAG_NAGP_1_AddList(java.util.ArrayList, java.util.ArrayList)[pri:0, instance:com.nag.wunderList.testcases.Test_WunderList_List_API@71bbf57e]" name="tc_NAG_NAGP_1_AddList" duration-ms="3135" started-at="2019-10-02T20:18:12 IST" description="Validate that a user is able to Add a List using WunderLink API." data-provider="Add List" finished-at="2019-10-02T20:18:15 IST">
          <params>
            <param index="0">
              <value>
                <![CDATA[[title]]]>
              </value>
            </param>
            <param index="1">
              <value>
                <![CDATA[[New List for NAGP Assignment]]]>
              </value>
            </param>
          </params>
          <reporter-output>
          </reporter-output>
        </test-method> <!-- tc_NAG_NAGP_1_AddList -->
        <test-method status="PASS" signature="getResult(org.testng.ITestResult)[pri:0, instance:com.nag.wunderList.testcases.Test_WunderList_List_API@71bbf57e]" name="getResult" is-config="true" duration-ms="2" started-at="2019-10-02T20:18:15 IST" finished-at="2019-10-02T20:18:15 IST">
          <params>
            <param index="0">
              <value>
                <![CDATA[[TestResult name=tc_NAG_NAGP_1_AddList status=SUCCESS method=Test_WunderList_List_API.tc_NAG_NAGP_1_AddList(java.util.ArrayList, java.util.ArrayList)[pri:0, instance:com.nag.wunderList.testcases.Test_WunderList_List_API@71bbf57e] output={null}]]]>
              </value>
            </param>
          </params>
          <reporter-output>
          </reporter-output>
        </test-method> <!-- getResult -->
        <test-method status="PASS" signature="initializeRestClient(java.lang.reflect.Method)[pri:0, instance:com.nag.wunderList.testcases.Test_WunderList_List_API@71bbf57e]" name="initializeRestClient" is-config="true" duration-ms="2" started-at="2019-10-02T20:18:15 IST" finished-at="2019-10-02T20:18:15 IST">
          <params>
            <param index="0">
              <value>
                <![CDATA[public void com.nag.wunderList.testcases.Test_WunderList_List_API.tc_NAG_NAGP_2_AddUpdateList(java.util.ArrayList,java.util.ArrayList) throws java.lang.Exception]]>
              </value>
            </param>
          </params>
          <reporter-output>
          </reporter-output>
        </test-method> <!-- initializeRestClient -->
        <test-method status="PASS" signature="tc_NAG_NAGP_2_AddUpdateList(java.util.ArrayList, java.util.ArrayList)[pri:0, instance:com.nag.wunderList.testcases.Test_WunderList_List_API@71bbf57e]" name="tc_NAG_NAGP_2_AddUpdateList" duration-ms="4240" started-at="2019-10-02T20:18:15 IST" description="Validate that a user is able to Add and Update a List using WunderLink API." data-provider="Add List" finished-at="2019-10-02T20:18:19 IST">
          <params>
            <param index="0">
              <value>
                <![CDATA[[title]]]>
              </value>
            </param>
            <param index="1">
              <value>
                <![CDATA[[New List for NAGP Assignment]]]>
              </value>
            </param>
          </params>
          <reporter-output>
          </reporter-output>
        </test-method> <!-- tc_NAG_NAGP_2_AddUpdateList -->
        <test-method status="PASS" signature="getResult(org.testng.ITestResult)[pri:0, instance:com.nag.wunderList.testcases.Test_WunderList_List_API@71bbf57e]" name="getResult" is-config="true" duration-ms="3" started-at="2019-10-02T20:18:19 IST" finished-at="2019-10-02T20:18:19 IST">
          <params>
            <param index="0">
              <value>
                <![CDATA[[TestResult name=tc_NAG_NAGP_2_AddUpdateList status=SUCCESS method=Test_WunderList_List_API.tc_NAG_NAGP_2_AddUpdateList(java.util.ArrayList, java.util.ArrayList)[pri:0, instance:com.nag.wunderList.testcases.Test_WunderList_List_API@71bbf57e] output={null}]]]>
              </value>
            </param>
          </params>
          <reporter-output>
          </reporter-output>
        </test-method> <!-- getResult -->
        <test-method status="PASS" signature="initializeRestClient(java.lang.reflect.Method)[pri:0, instance:com.nag.wunderList.testcases.Test_WunderList_List_API@71bbf57e]" name="initializeRestClient" is-config="true" duration-ms="1" started-at="2019-10-02T20:18:20 IST" finished-at="2019-10-02T20:18:20 IST">
          <params>
            <param index="0">
              <value>
                <![CDATA[public void com.nag.wunderList.testcases.Test_WunderList_List_API.tc_NAG_NAGP_3_AddDeleteList(java.util.ArrayList,java.util.ArrayList) throws java.lang.Exception]]>
              </value>
            </param>
          </params>
          <reporter-output>
          </reporter-output>
        </test-method> <!-- initializeRestClient -->
        <test-method status="PASS" signature="tc_NAG_NAGP_3_AddDeleteList(java.util.ArrayList, java.util.ArrayList)[pri:0, instance:com.nag.wunderList.testcases.Test_WunderList_List_API@71bbf57e]" name="tc_NAG_NAGP_3_AddDeleteList" duration-ms="3722" started-at="2019-10-02T20:18:20 IST" description="Validate that a user is able to Delete a List after adding it using WunderLink API." data-provider="Add List" finished-at="2019-10-02T20:18:23 IST">
          <params>
            <param index="0">
              <value>
                <![CDATA[[title]]]>
              </value>
            </param>
            <param index="1">
              <value>
                <![CDATA[[New List for NAGP Assignment]]]>
              </value>
            </param>
          </params>
          <reporter-output>
          </reporter-output>
        </test-method> <!-- tc_NAG_NAGP_3_AddDeleteList -->
        <test-method status="PASS" signature="getResult(org.testng.ITestResult)[pri:0, instance:com.nag.wunderList.testcases.Test_WunderList_List_API@71bbf57e]" name="getResult" is-config="true" duration-ms="1" started-at="2019-10-02T20:18:23 IST" finished-at="2019-10-02T20:18:23 IST">
          <params>
            <param index="0">
              <value>
                <![CDATA[[TestResult name=tc_NAG_NAGP_3_AddDeleteList status=SUCCESS method=Test_WunderList_List_API.tc_NAG_NAGP_3_AddDeleteList(java.util.ArrayList, java.util.ArrayList)[pri:0, instance:com.nag.wunderList.testcases.Test_WunderList_List_API@71bbf57e] output={null}]]]>
              </value>
            </param>
          </params>
          <reporter-output>
          </reporter-output>
        </test-method> <!-- getResult -->
        <test-method status="PASS" signature="initializeRestClient(java.lang.reflect.Method)[pri:0, instance:com.nag.wunderList.testcases.Test_WunderList_List_API@71bbf57e]" name="initializeRestClient" is-config="true" duration-ms="1" started-at="2019-10-02T20:18:23 IST" finished-at="2019-10-02T20:18:23 IST">
          <params>
            <param index="0">
              <value>
                <![CDATA[public void com.nag.wunderList.testcases.Test_WunderList_List_API.tc_NAG_NAGP_4_AddUpdateDeleteList(java.util.ArrayList,java.util.ArrayList) throws java.lang.Exception]]>
              </value>
            </param>
          </params>
          <reporter-output>
          </reporter-output>
        </test-method> <!-- initializeRestClient -->
        <test-method status="PASS" signature="tc_NAG_NAGP_4_AddUpdateDeleteList(java.util.ArrayList, java.util.ArrayList)[pri:0, instance:com.nag.wunderList.testcases.Test_WunderList_List_API@71bbf57e]" name="tc_NAG_NAGP_4_AddUpdateDeleteList" duration-ms="5076" started-at="2019-10-02T20:18:23 IST" description="Validate that a user is able to Update and Delete a List after adding it using WunderLink API." data-provider="Add List" finished-at="2019-10-02T20:18:28 IST">
          <params>
            <param index="0">
              <value>
                <![CDATA[[title]]]>
              </value>
            </param>
            <param index="1">
              <value>
                <![CDATA[[New List for NAGP Assignment]]]>
              </value>
            </param>
          </params>
          <reporter-output>
          </reporter-output>
        </test-method> <!-- tc_NAG_NAGP_4_AddUpdateDeleteList -->
        <test-method status="PASS" signature="getResult(org.testng.ITestResult)[pri:0, instance:com.nag.wunderList.testcases.Test_WunderList_List_API@71bbf57e]" name="getResult" is-config="true" duration-ms="2" started-at="2019-10-02T20:18:28 IST" finished-at="2019-10-02T20:18:28 IST">
          <params>
            <param index="0">
              <value>
                <![CDATA[[TestResult name=tc_NAG_NAGP_4_AddUpdateDeleteList status=SUCCESS method=Test_WunderList_List_API.tc_NAG_NAGP_4_AddUpdateDeleteList(java.util.ArrayList, java.util.ArrayList)[pri:0, instance:com.nag.wunderList.testcases.Test_WunderList_List_API@71bbf57e] output={null}]]]>
              </value>
            </param>
          </params>
          <reporter-output>
          </reporter-output>
        </test-method> <!-- getResult -->
      </class> <!-- com.nag.wunderList.testcases.Test_WunderList_List_API -->
      <class name="com.nag.wunderList.testcases.Test_WunderList_Task_API">
        <test-method status="PASS" signature="initiate()[pri:0, instance:com.nag.wunderList.testcases.Test_WunderList_Task_API@7f13d6e]" name="initiate" is-config="true" duration-ms="1" started-at="2019-10-02T20:18:28 IST" finished-at="2019-10-02T20:18:28 IST">
          <reporter-output>
          </reporter-output>
        </test-method> <!-- initiate -->
        <test-method status="PASS" signature="initializeRestClient(java.lang.reflect.Method)[pri:0, instance:com.nag.wunderList.testcases.Test_WunderList_Task_API@7f13d6e]" name="initializeRestClient" is-config="true" duration-ms="1" started-at="2019-10-02T20:18:28 IST" finished-at="2019-10-02T20:18:28 IST">
          <params>
            <param index="0">
              <value>
                <![CDATA[public void com.nag.wunderList.testcases.Test_WunderList_Task_API.tc_NAG_NAGP_5_AddTask(java.util.ArrayList,java.util.ArrayList) throws java.lang.Exception]]>
              </value>
            </param>
          </params>
          <reporter-output>
          </reporter-output>
        </test-method> <!-- initializeRestClient -->
        <test-method status="PASS" signature="tc_NAG_NAGP_5_AddTask(java.util.ArrayList, java.util.ArrayList)[pri:0, instance:com.nag.wunderList.testcases.Test_WunderList_Task_API@7f13d6e]" name="tc_NAG_NAGP_5_AddTask" duration-ms="4963" started-at="2019-10-02T20:18:28 IST" description="Validate that a user is able to Add a Task using WunderLink API." data-provider="Add Task" finished-at="2019-10-02T20:18:33 IST">
          <params>
            <param index="0">
              <value>
                <![CDATA[[title, assignee_id, completed]]]>
              </value>
            </param>
            <param index="1">
              <value>
                <![CDATA[[Task for Groceries, 12345, false]]]>
              </value>
            </param>
          </params>
          <reporter-output>
          </reporter-output>
        </test-method> <!-- tc_NAG_NAGP_5_AddTask -->
        <test-method status="PASS" signature="getResult(org.testng.ITestResult)[pri:0, instance:com.nag.wunderList.testcases.Test_WunderList_Task_API@7f13d6e]" name="getResult" is-config="true" duration-ms="1" started-at="2019-10-02T20:18:33 IST" finished-at="2019-10-02T20:18:33 IST">
          <params>
            <param index="0">
              <value>
                <![CDATA[[TestResult name=tc_NAG_NAGP_5_AddTask status=SUCCESS method=Test_WunderList_Task_API.tc_NAG_NAGP_5_AddTask(java.util.ArrayList, java.util.ArrayList)[pri:0, instance:com.nag.wunderList.testcases.Test_WunderList_Task_API@7f13d6e] output={null}]]]>
              </value>
            </param>
          </params>
          <reporter-output>
          </reporter-output>
        </test-method> <!-- getResult -->
        <test-method status="PASS" signature="initializeRestClient(java.lang.reflect.Method)[pri:0, instance:com.nag.wunderList.testcases.Test_WunderList_Task_API@7f13d6e]" name="initializeRestClient" is-config="true" duration-ms="1" started-at="2019-10-02T20:18:33 IST" finished-at="2019-10-02T20:18:33 IST">
          <params>
            <param index="0">
              <value>
                <![CDATA[public void com.nag.wunderList.testcases.Test_WunderList_Task_API.tc_NAG_NAGP_5_AddTask(java.util.ArrayList,java.util.ArrayList) throws java.lang.Exception]]>
              </value>
            </param>
          </params>
          <reporter-output>
          </reporter-output>
        </test-method> <!-- initializeRestClient -->
        <test-method status="PASS" signature="tc_NAG_NAGP_5_AddTask(java.util.ArrayList, java.util.ArrayList)[pri:0, instance:com.nag.wunderList.testcases.Test_WunderList_Task_API@7f13d6e]" name="tc_NAG_NAGP_5_AddTask" duration-ms="3060" started-at="2019-10-02T20:18:33 IST" description="Validate that a user is able to Add a Task using WunderLink API." data-provider="Add Task" finished-at="2019-10-02T20:18:36 IST">
          <params>
            <param index="0">
              <value>
                <![CDATA[[title, assignee_id, completed, list_id]]]>
              </value>
            </param>
            <param index="1">
              <value>
                <![CDATA[[Task for Family, 12344, false]]]>
              </value>
            </param>
          </params>
          <reporter-output>
          </reporter-output>
        </test-method> <!-- tc_NAG_NAGP_5_AddTask -->
        <test-method status="PASS" signature="getResult(org.testng.ITestResult)[pri:0, instance:com.nag.wunderList.testcases.Test_WunderList_Task_API@7f13d6e]" name="getResult" is-config="true" duration-ms="2" started-at="2019-10-02T20:18:36 IST" finished-at="2019-10-02T20:18:36 IST">
          <params>
            <param index="0">
              <value>
                <![CDATA[[TestResult name=tc_NAG_NAGP_5_AddTask status=SUCCESS method=Test_WunderList_Task_API.tc_NAG_NAGP_5_AddTask(java.util.ArrayList, java.util.ArrayList)[pri:0, instance:com.nag.wunderList.testcases.Test_WunderList_Task_API@7f13d6e] output={null}]]]>
              </value>
            </param>
          </params>
          <reporter-output>
          </reporter-output>
        </test-method> <!-- getResult -->
        <test-method status="PASS" signature="initializeRestClient(java.lang.reflect.Method)[pri:0, instance:com.nag.wunderList.testcases.Test_WunderList_Task_API@7f13d6e]" name="initializeRestClient" is-config="true" duration-ms="1" started-at="2019-10-02T20:18:36 IST" finished-at="2019-10-02T20:18:36 IST">
          <params>
            <param index="0">
              <value>
                <![CDATA[public void com.nag.wunderList.testcases.Test_WunderList_Task_API.tc_NAG_NAGP_6_AddUpdateTask(java.util.ArrayList,java.util.ArrayList) throws java.lang.Exception]]>
              </value>
            </param>
          </params>
          <reporter-output>
          </reporter-output>
        </test-method> <!-- initializeRestClient -->
        <test-method status="PASS" signature="tc_NAG_NAGP_6_AddUpdateTask(java.util.ArrayList, java.util.ArrayList)[pri:0, instance:com.nag.wunderList.testcases.Test_WunderList_Task_API@7f13d6e]" name="tc_NAG_NAGP_6_AddUpdateTask" duration-ms="2661" started-at="2019-10-02T20:18:36 IST" description="Validate that a user is able to Add and Update a Task using WunderLink API." data-provider="Add List" finished-at="2019-10-02T20:18:39 IST">
          <params>
            <param index="0">
              <value>
                <![CDATA[[title]]]>
              </value>
            </param>
            <param index="1">
              <value>
                <![CDATA[[New List for NAGP Assignment]]]>
              </value>
            </param>
          </params>
          <reporter-output>
          </reporter-output>
        </test-method> <!-- tc_NAG_NAGP_6_AddUpdateTask -->
        <test-method status="PASS" signature="getResult(org.testng.ITestResult)[pri:0, instance:com.nag.wunderList.testcases.Test_WunderList_Task_API@7f13d6e]" name="getResult" is-config="true" duration-ms="2" started-at="2019-10-02T20:18:39 IST" finished-at="2019-10-02T20:18:39 IST">
          <params>
            <param index="0">
              <value>
                <![CDATA[[TestResult name=tc_NAG_NAGP_6_AddUpdateTask status=SUCCESS method=Test_WunderList_Task_API.tc_NAG_NAGP_6_AddUpdateTask(java.util.ArrayList, java.util.ArrayList)[pri:0, instance:com.nag.wunderList.testcases.Test_WunderList_Task_API@7f13d6e] output={null}]]]>
              </value>
            </param>
          </params>
          <reporter-output>
          </reporter-output>
        </test-method> <!-- getResult -->
        <test-method status="PASS" signature="initializeRestClient(java.lang.reflect.Method)[pri:0, instance:com.nag.wunderList.testcases.Test_WunderList_Task_API@7f13d6e]" name="initializeRestClient" is-config="true" duration-ms="0" started-at="2019-10-02T20:18:39 IST" finished-at="2019-10-02T20:18:39 IST">
          <params>
            <param index="0">
              <value>
                <![CDATA[public void com.nag.wunderList.testcases.Test_WunderList_Task_API.tc_NAG_NAGP_7_AddDeleteTask(java.util.ArrayList,java.util.ArrayList) throws java.lang.Exception]]>
              </value>
            </param>
          </params>
          <reporter-output>
          </reporter-output>
        </test-method> <!-- initializeRestClient -->
        <test-method status="PASS" signature="tc_NAG_NAGP_7_AddDeleteTask(java.util.ArrayList, java.util.ArrayList)[pri:0, instance:com.nag.wunderList.testcases.Test_WunderList_Task_API@7f13d6e]" name="tc_NAG_NAGP_7_AddDeleteTask" duration-ms="3273" started-at="2019-10-02T20:18:39 IST" description="Validate that a user is able to Delete a Task after adding it using WunderLink API." data-provider="Add Task" finished-at="2019-10-02T20:18:42 IST">
          <params>
            <param index="0">
              <value>
                <![CDATA[[title, assignee_id, completed]]]>
              </value>
            </param>
            <param index="1">
              <value>
                <![CDATA[[Task for Groceries, 12345, false]]]>
              </value>
            </param>
          </params>
          <reporter-output>
          </reporter-output>
        </test-method> <!-- tc_NAG_NAGP_7_AddDeleteTask -->
        <test-method status="PASS" signature="getResult(org.testng.ITestResult)[pri:0, instance:com.nag.wunderList.testcases.Test_WunderList_Task_API@7f13d6e]" name="getResult" is-config="true" duration-ms="1" started-at="2019-10-02T20:18:42 IST" finished-at="2019-10-02T20:18:42 IST">
          <params>
            <param index="0">
              <value>
                <![CDATA[[TestResult name=tc_NAG_NAGP_7_AddDeleteTask status=SUCCESS method=Test_WunderList_Task_API.tc_NAG_NAGP_7_AddDeleteTask(java.util.ArrayList, java.util.ArrayList)[pri:0, instance:com.nag.wunderList.testcases.Test_WunderList_Task_API@7f13d6e] output={null}]]]>
              </value>
            </param>
          </params>
          <reporter-output>
          </reporter-output>
        </test-method> <!-- getResult -->
        <test-method status="PASS" signature="initializeRestClient(java.lang.reflect.Method)[pri:0, instance:com.nag.wunderList.testcases.Test_WunderList_Task_API@7f13d6e]" name="initializeRestClient" is-config="true" duration-ms="1" started-at="2019-10-02T20:18:42 IST" finished-at="2019-10-02T20:18:42 IST">
          <params>
            <param index="0">
              <value>
                <![CDATA[public void com.nag.wunderList.testcases.Test_WunderList_Task_API.tc_NAG_NAGP_7_AddDeleteTask(java.util.ArrayList,java.util.ArrayList) throws java.lang.Exception]]>
              </value>
            </param>
          </params>
          <reporter-output>
          </reporter-output>
        </test-method> <!-- initializeRestClient -->
        <test-method status="PASS" signature="tc_NAG_NAGP_7_AddDeleteTask(java.util.ArrayList, java.util.ArrayList)[pri:0, instance:com.nag.wunderList.testcases.Test_WunderList_Task_API@7f13d6e]" name="tc_NAG_NAGP_7_AddDeleteTask" duration-ms="3388" started-at="2019-10-02T20:18:42 IST" description="Validate that a user is able to Delete a Task after adding it using WunderLink API." data-provider="Add Task" finished-at="2019-10-02T20:18:46 IST">
          <params>
            <param index="0">
              <value>
                <![CDATA[[title, assignee_id, completed, list_id]]]>
              </value>
            </param>
            <param index="1">
              <value>
                <![CDATA[[Task for Family, 12344, false]]]>
              </value>
            </param>
          </params>
          <reporter-output>
          </reporter-output>
        </test-method> <!-- tc_NAG_NAGP_7_AddDeleteTask -->
        <test-method status="PASS" signature="getResult(org.testng.ITestResult)[pri:0, instance:com.nag.wunderList.testcases.Test_WunderList_Task_API@7f13d6e]" name="getResult" is-config="true" duration-ms="1" started-at="2019-10-02T20:18:46 IST" finished-at="2019-10-02T20:18:46 IST">
          <params>
            <param index="0">
              <value>
                <![CDATA[[TestResult name=tc_NAG_NAGP_7_AddDeleteTask status=SUCCESS method=Test_WunderList_Task_API.tc_NAG_NAGP_7_AddDeleteTask(java.util.ArrayList, java.util.ArrayList)[pri:0, instance:com.nag.wunderList.testcases.Test_WunderList_Task_API@7f13d6e] output={null}]]]>
              </value>
            </param>
          </params>
          <reporter-output>
          </reporter-output>
        </test-method> <!-- getResult -->
        <test-method status="PASS" signature="initializeRestClient(java.lang.reflect.Method)[pri:0, instance:com.nag.wunderList.testcases.Test_WunderList_Task_API@7f13d6e]" name="initializeRestClient" is-config="true" duration-ms="1" started-at="2019-10-02T20:18:46 IST" finished-at="2019-10-02T20:18:46 IST">
          <params>
            <param index="0">
              <value>
                <![CDATA[public void com.nag.wunderList.testcases.Test_WunderList_Task_API.tc_NAG_NAGP_8_AddUpdateDeleteTask(java.util.ArrayList,java.util.ArrayList) throws java.lang.Exception]]>
              </value>
            </param>
          </params>
          <reporter-output>
          </reporter-output>
        </test-method> <!-- initializeRestClient -->
        <test-method status="PASS" signature="tc_NAG_NAGP_8_AddUpdateDeleteTask(java.util.ArrayList, java.util.ArrayList)[pri:0, instance:com.nag.wunderList.testcases.Test_WunderList_Task_API@7f13d6e]" name="tc_NAG_NAGP_8_AddUpdateDeleteTask" duration-ms="5186" started-at="2019-10-02T20:18:46 IST" description="Validate that a user is able to Update and Delete a Task after adding it using WunderLink API." data-provider="Add List" finished-at="2019-10-02T20:18:51 IST">
          <params>
            <param index="0">
              <value>
                <![CDATA[[title]]]>
              </value>
            </param>
            <param index="1">
              <value>
                <![CDATA[[New List for NAGP Assignment]]]>
              </value>
            </param>
          </params>
          <reporter-output>
          </reporter-output>
        </test-method> <!-- tc_NAG_NAGP_8_AddUpdateDeleteTask -->
        <test-method status="PASS" signature="getResult(org.testng.ITestResult)[pri:0, instance:com.nag.wunderList.testcases.Test_WunderList_Task_API@7f13d6e]" name="getResult" is-config="true" duration-ms="5" started-at="2019-10-02T20:18:51 IST" finished-at="2019-10-02T20:18:51 IST">
          <params>
            <param index="0">
              <value>
                <![CDATA[[TestResult name=tc_NAG_NAGP_8_AddUpdateDeleteTask status=SUCCESS method=Test_WunderList_Task_API.tc_NAG_NAGP_8_AddUpdateDeleteTask(java.util.ArrayList, java.util.ArrayList)[pri:0, instance:com.nag.wunderList.testcases.Test_WunderList_Task_API@7f13d6e] output={null}]]]>
              </value>
            </param>
          </params>
          <reporter-output>
          </reporter-output>
        </test-method> <!-- getResult -->
      </class> <!-- com.nag.wunderList.testcases.Test_WunderList_Task_API -->
      <class name="com.nag.wunderList.testcases.Test_WunderList_SubTask_API">
        <test-method status="PASS" signature="initiate()[pri:0, instance:com.nag.wunderList.testcases.Test_WunderList_SubTask_API@51cdd8a]" name="initiate" is-config="true" duration-ms="1" started-at="2019-10-02T20:18:51 IST" finished-at="2019-10-02T20:18:51 IST">
          <reporter-output>
          </reporter-output>
        </test-method> <!-- initiate -->
        <test-method status="PASS" signature="initializeRestClient(java.lang.reflect.Method)[pri:0, instance:com.nag.wunderList.testcases.Test_WunderList_SubTask_API@51cdd8a]" name="initializeRestClient" is-config="true" duration-ms="1" started-at="2019-10-02T20:18:51 IST" finished-at="2019-10-02T20:18:51 IST">
          <params>
            <param index="0">
              <value>
                <![CDATA[public void com.nag.wunderList.testcases.Test_WunderList_SubTask_API.tc_NAG_NAGP_10_AddUpdateSubTask(java.util.ArrayList,java.util.ArrayList) throws java.lang.Exception]]>
              </value>
            </param>
          </params>
          <reporter-output>
          </reporter-output>
        </test-method> <!-- initializeRestClient -->
        <test-method status="PASS" signature="tc_NAG_NAGP_10_AddUpdateSubTask(java.util.ArrayList, java.util.ArrayList)[pri:0, instance:com.nag.wunderList.testcases.Test_WunderList_SubTask_API@51cdd8a]" name="tc_NAG_NAGP_10_AddUpdateSubTask" duration-ms="2448" started-at="2019-10-02T20:18:51 IST" description="Validate that a user is able to Add and Update a Subtask using WunderLink API." data-provider="Add Subtasks" finished-at="2019-10-02T20:18:54 IST">
          <params>
            <param index="0">
              <value>
                <![CDATA[[task_id, title, completed]]]>
              </value>
            </param>
            <param index="1">
              <value>
                <![CDATA[[5447815366, Task for Groceries, true]]]>
              </value>
            </param>
          </params>
          <reporter-output>
          </reporter-output>
        </test-method> <!-- tc_NAG_NAGP_10_AddUpdateSubTask -->
        <test-method status="PASS" signature="getResult(org.testng.ITestResult)[pri:0, instance:com.nag.wunderList.testcases.Test_WunderList_SubTask_API@51cdd8a]" name="getResult" is-config="true" duration-ms="1" started-at="2019-10-02T20:18:54 IST" finished-at="2019-10-02T20:18:54 IST">
          <params>
            <param index="0">
              <value>
                <![CDATA[[TestResult name=tc_NAG_NAGP_10_AddUpdateSubTask status=SUCCESS method=Test_WunderList_SubTask_API.tc_NAG_NAGP_10_AddUpdateSubTask(java.util.ArrayList, java.util.ArrayList)[pri:0, instance:com.nag.wunderList.testcases.Test_WunderList_SubTask_API@51cdd8a] output={null}]]]>
              </value>
            </param>
          </params>
          <reporter-output>
          </reporter-output>
        </test-method> <!-- getResult -->
        <test-method status="PASS" signature="initializeRestClient(java.lang.reflect.Method)[pri:0, instance:com.nag.wunderList.testcases.Test_WunderList_SubTask_API@51cdd8a]" name="initializeRestClient" is-config="true" duration-ms="1" started-at="2019-10-02T20:18:54 IST" finished-at="2019-10-02T20:18:54 IST">
          <params>
            <param index="0">
              <value>
                <![CDATA[public void com.nag.wunderList.testcases.Test_WunderList_SubTask_API.tc_NAG_NAGP_10_AddUpdateSubTask(java.util.ArrayList,java.util.ArrayList) throws java.lang.Exception]]>
              </value>
            </param>
          </params>
          <reporter-output>
          </reporter-output>
        </test-method> <!-- initializeRestClient -->
        <test-method status="PASS" signature="tc_NAG_NAGP_10_AddUpdateSubTask(java.util.ArrayList, java.util.ArrayList)[pri:0, instance:com.nag.wunderList.testcases.Test_WunderList_SubTask_API@51cdd8a]" name="tc_NAG_NAGP_10_AddUpdateSubTask" duration-ms="2362" started-at="2019-10-02T20:18:54 IST" description="Validate that a user is able to Add and Update a Subtask using WunderLink API." data-provider="Add Subtasks" finished-at="2019-10-02T20:18:56 IST">
          <params>
            <param index="0">
              <value>
                <![CDATA[[task_id, title, completed]]]>
              </value>
            </param>
            <param index="1">
              <value>
                <![CDATA[[5447815366, Task for Family, false]]]>
              </value>
            </param>
          </params>
          <reporter-output>
          </reporter-output>
        </test-method> <!-- tc_NAG_NAGP_10_AddUpdateSubTask -->
        <test-method status="PASS" signature="getResult(org.testng.ITestResult)[pri:0, instance:com.nag.wunderList.testcases.Test_WunderList_SubTask_API@51cdd8a]" name="getResult" is-config="true" duration-ms="0" started-at="2019-10-02T20:18:56 IST" finished-at="2019-10-02T20:18:56 IST">
          <params>
            <param index="0">
              <value>
                <![CDATA[[TestResult name=tc_NAG_NAGP_10_AddUpdateSubTask status=SUCCESS method=Test_WunderList_SubTask_API.tc_NAG_NAGP_10_AddUpdateSubTask(java.util.ArrayList, java.util.ArrayList)[pri:0, instance:com.nag.wunderList.testcases.Test_WunderList_SubTask_API@51cdd8a] output={null}]]]>
              </value>
            </param>
          </params>
          <reporter-output>
          </reporter-output>
        </test-method> <!-- getResult -->
        <test-method status="PASS" signature="initializeRestClient(java.lang.reflect.Method)[pri:0, instance:com.nag.wunderList.testcases.Test_WunderList_SubTask_API@51cdd8a]" name="initializeRestClient" is-config="true" duration-ms="1" started-at="2019-10-02T20:18:56 IST" finished-at="2019-10-02T20:18:56 IST">
          <params>
            <param index="0">
              <value>
                <![CDATA[public void com.nag.wunderList.testcases.Test_WunderList_SubTask_API.tc_NAG_NAGP_11_AddDeleteSubTask(java.util.ArrayList,java.util.ArrayList) throws java.lang.Exception]]>
              </value>
            </param>
          </params>
          <reporter-output>
          </reporter-output>
        </test-method> <!-- initializeRestClient -->
        <test-method status="PASS" signature="tc_NAG_NAGP_11_AddDeleteSubTask(java.util.ArrayList, java.util.ArrayList)[pri:0, instance:com.nag.wunderList.testcases.Test_WunderList_SubTask_API@51cdd8a]" name="tc_NAG_NAGP_11_AddDeleteSubTask" duration-ms="4266" started-at="2019-10-02T20:18:56 IST" description="Validate that a user is able to Delete a Subtask after adding it using WunderLink API." data-provider="Add Subtasks" finished-at="2019-10-02T20:19:00 IST">
          <params>
            <param index="0">
              <value>
                <![CDATA[[task_id, title, completed]]]>
              </value>
            </param>
            <param index="1">
              <value>
                <![CDATA[[5447815366, Task for Groceries, true]]]>
              </value>
            </param>
          </params>
          <reporter-output>
          </reporter-output>
        </test-method> <!-- tc_NAG_NAGP_11_AddDeleteSubTask -->
        <test-method status="PASS" signature="getResult(org.testng.ITestResult)[pri:0, instance:com.nag.wunderList.testcases.Test_WunderList_SubTask_API@51cdd8a]" name="getResult" is-config="true" duration-ms="1" started-at="2019-10-02T20:19:00 IST" finished-at="2019-10-02T20:19:00 IST">
          <params>
            <param index="0">
              <value>
                <![CDATA[[TestResult name=tc_NAG_NAGP_11_AddDeleteSubTask status=SUCCESS method=Test_WunderList_SubTask_API.tc_NAG_NAGP_11_AddDeleteSubTask(java.util.ArrayList, java.util.ArrayList)[pri:0, instance:com.nag.wunderList.testcases.Test_WunderList_SubTask_API@51cdd8a] output={null}]]]>
              </value>
            </param>
          </params>
          <reporter-output>
          </reporter-output>
        </test-method> <!-- getResult -->
        <test-method status="PASS" signature="initializeRestClient(java.lang.reflect.Method)[pri:0, instance:com.nag.wunderList.testcases.Test_WunderList_SubTask_API@51cdd8a]" name="initializeRestClient" is-config="true" duration-ms="1" started-at="2019-10-02T20:19:00 IST" finished-at="2019-10-02T20:19:00 IST">
          <params>
            <param index="0">
              <value>
                <![CDATA[public void com.nag.wunderList.testcases.Test_WunderList_SubTask_API.tc_NAG_NAGP_11_AddDeleteSubTask(java.util.ArrayList,java.util.ArrayList) throws java.lang.Exception]]>
              </value>
            </param>
          </params>
          <reporter-output>
          </reporter-output>
        </test-method> <!-- initializeRestClient -->
        <test-method status="PASS" signature="tc_NAG_NAGP_11_AddDeleteSubTask(java.util.ArrayList, java.util.ArrayList)[pri:0, instance:com.nag.wunderList.testcases.Test_WunderList_SubTask_API@51cdd8a]" name="tc_NAG_NAGP_11_AddDeleteSubTask" duration-ms="3795" started-at="2019-10-02T20:19:00 IST" description="Validate that a user is able to Delete a Subtask after adding it using WunderLink API." data-provider="Add Subtasks" finished-at="2019-10-02T20:19:04 IST">
          <params>
            <param index="0">
              <value>
                <![CDATA[[task_id, title, completed]]]>
              </value>
            </param>
            <param index="1">
              <value>
                <![CDATA[[5447815366, Task for Family, false]]]>
              </value>
            </param>
          </params>
          <reporter-output>
          </reporter-output>
        </test-method> <!-- tc_NAG_NAGP_11_AddDeleteSubTask -->
        <test-method status="PASS" signature="getResult(org.testng.ITestResult)[pri:0, instance:com.nag.wunderList.testcases.Test_WunderList_SubTask_API@51cdd8a]" name="getResult" is-config="true" duration-ms="1" started-at="2019-10-02T20:19:04 IST" finished-at="2019-10-02T20:19:04 IST">
          <params>
            <param index="0">
              <value>
                <![CDATA[[TestResult name=tc_NAG_NAGP_11_AddDeleteSubTask status=SUCCESS method=Test_WunderList_SubTask_API.tc_NAG_NAGP_11_AddDeleteSubTask(java.util.ArrayList, java.util.ArrayList)[pri:0, instance:com.nag.wunderList.testcases.Test_WunderList_SubTask_API@51cdd8a] output={null}]]]>
              </value>
            </param>
          </params>
          <reporter-output>
          </reporter-output>
        </test-method> <!-- getResult -->
        <test-method status="PASS" signature="initializeRestClient(java.lang.reflect.Method)[pri:0, instance:com.nag.wunderList.testcases.Test_WunderList_SubTask_API@51cdd8a]" name="initializeRestClient" is-config="true" duration-ms="1" started-at="2019-10-02T20:19:04 IST" finished-at="2019-10-02T20:19:04 IST">
          <params>
            <param index="0">
              <value>
                <![CDATA[public void com.nag.wunderList.testcases.Test_WunderList_SubTask_API.tc_NAG_NAGP_12_AddUpdateDeleteSubTask(java.util.ArrayList,java.util.ArrayList) throws java.lang.Exception]]>
              </value>
            </param>
          </params>
          <reporter-output>
          </reporter-output>
        </test-method> <!-- initializeRestClient -->
        <test-method status="PASS" signature="tc_NAG_NAGP_12_AddUpdateDeleteSubTask(java.util.ArrayList, java.util.ArrayList)[pri:0, instance:com.nag.wunderList.testcases.Test_WunderList_SubTask_API@51cdd8a]" name="tc_NAG_NAGP_12_AddUpdateDeleteSubTask" duration-ms="5978" started-at="2019-10-02T20:19:04 IST" description="Validate that a user is able to Update and Delete a Subtask after adding it using WunderLink API." data-provider="Add Subtasks" finished-at="2019-10-02T20:19:10 IST">
          <params>
            <param index="0">
              <value>
                <![CDATA[[task_id, title, completed]]]>
              </value>
            </param>
            <param index="1">
              <value>
                <![CDATA[[5447815366, Task for Groceries, true]]]>
              </value>
            </param>
          </params>
          <reporter-output>
          </reporter-output>
        </test-method> <!-- tc_NAG_NAGP_12_AddUpdateDeleteSubTask -->
        <test-method status="PASS" signature="getResult(org.testng.ITestResult)[pri:0, instance:com.nag.wunderList.testcases.Test_WunderList_SubTask_API@51cdd8a]" name="getResult" is-config="true" duration-ms="1" started-at="2019-10-02T20:19:10 IST" finished-at="2019-10-02T20:19:10 IST">
          <params>
            <param index="0">
              <value>
                <![CDATA[[TestResult name=tc_NAG_NAGP_12_AddUpdateDeleteSubTask status=SUCCESS method=Test_WunderList_SubTask_API.tc_NAG_NAGP_12_AddUpdateDeleteSubTask(java.util.ArrayList, java.util.ArrayList)[pri:0, instance:com.nag.wunderList.testcases.Test_WunderList_SubTask_API@51cdd8a] output={null}]]]>
              </value>
            </param>
          </params>
          <reporter-output>
          </reporter-output>
        </test-method> <!-- getResult -->
        <test-method status="PASS" signature="initializeRestClient(java.lang.reflect.Method)[pri:0, instance:com.nag.wunderList.testcases.Test_WunderList_SubTask_API@51cdd8a]" name="initializeRestClient" is-config="true" duration-ms="1" started-at="2019-10-02T20:19:10 IST" finished-at="2019-10-02T20:19:10 IST">
          <params>
            <param index="0">
              <value>
                <![CDATA[public void com.nag.wunderList.testcases.Test_WunderList_SubTask_API.tc_NAG_NAGP_12_AddUpdateDeleteSubTask(java.util.ArrayList,java.util.ArrayList) throws java.lang.Exception]]>
              </value>
            </param>
          </params>
          <reporter-output>
          </reporter-output>
        </test-method> <!-- initializeRestClient -->
        <test-method status="PASS" signature="tc_NAG_NAGP_12_AddUpdateDeleteSubTask(java.util.ArrayList, java.util.ArrayList)[pri:0, instance:com.nag.wunderList.testcases.Test_WunderList_SubTask_API@51cdd8a]" name="tc_NAG_NAGP_12_AddUpdateDeleteSubTask" duration-ms="6659" started-at="2019-10-02T20:19:10 IST" description="Validate that a user is able to Update and Delete a Subtask after adding it using WunderLink API." data-provider="Add Subtasks" finished-at="2019-10-02T20:19:17 IST">
          <params>
            <param index="0">
              <value>
                <![CDATA[[task_id, title, completed]]]>
              </value>
            </param>
            <param index="1">
              <value>
                <![CDATA[[5447815366, Task for Family, false]]]>
              </value>
            </param>
          </params>
          <reporter-output>
          </reporter-output>
        </test-method> <!-- tc_NAG_NAGP_12_AddUpdateDeleteSubTask -->
        <test-method status="PASS" signature="getResult(org.testng.ITestResult)[pri:0, instance:com.nag.wunderList.testcases.Test_WunderList_SubTask_API@51cdd8a]" name="getResult" is-config="true" duration-ms="1" started-at="2019-10-02T20:19:17 IST" finished-at="2019-10-02T20:19:17 IST">
          <params>
            <param index="0">
              <value>
                <![CDATA[[TestResult name=tc_NAG_NAGP_12_AddUpdateDeleteSubTask status=SUCCESS method=Test_WunderList_SubTask_API.tc_NAG_NAGP_12_AddUpdateDeleteSubTask(java.util.ArrayList, java.util.ArrayList)[pri:0, instance:com.nag.wunderList.testcases.Test_WunderList_SubTask_API@51cdd8a] output={null}]]]>
              </value>
            </param>
          </params>
          <reporter-output>
          </reporter-output>
        </test-method> <!-- getResult -->
        <test-method status="PASS" signature="initializeRestClient(java.lang.reflect.Method)[pri:0, instance:com.nag.wunderList.testcases.Test_WunderList_SubTask_API@51cdd8a]" name="initializeRestClient" is-config="true" duration-ms="0" started-at="2019-10-02T20:19:17 IST" finished-at="2019-10-02T20:19:17 IST">
          <params>
            <param index="0">
              <value>
                <![CDATA[public void com.nag.wunderList.testcases.Test_WunderList_SubTask_API.tc_NAG_NAGP_9_AddSubTask(java.util.ArrayList,java.util.ArrayList) throws java.lang.Exception]]>
              </value>
            </param>
          </params>
          <reporter-output>
          </reporter-output>
        </test-method> <!-- initializeRestClient -->
        <test-method status="PASS" signature="tc_NAG_NAGP_9_AddSubTask(java.util.ArrayList, java.util.ArrayList)[pri:0, instance:com.nag.wunderList.testcases.Test_WunderList_SubTask_API@51cdd8a]" name="tc_NAG_NAGP_9_AddSubTask" duration-ms="3064" started-at="2019-10-02T20:19:17 IST" description="Validate that a user is able to Add a SubTask using WunderLink API." data-provider="Add Subtasks" finished-at="2019-10-02T20:19:20 IST">
          <params>
            <param index="0">
              <value>
                <![CDATA[[task_id, title, completed]]]>
              </value>
            </param>
            <param index="1">
              <value>
                <![CDATA[[5447815366, Task for Groceries, true]]]>
              </value>
            </param>
          </params>
          <reporter-output>
          </reporter-output>
        </test-method> <!-- tc_NAG_NAGP_9_AddSubTask -->
        <test-method status="PASS" signature="getResult(org.testng.ITestResult)[pri:0, instance:com.nag.wunderList.testcases.Test_WunderList_SubTask_API@51cdd8a]" name="getResult" is-config="true" duration-ms="1" started-at="2019-10-02T20:19:20 IST" finished-at="2019-10-02T20:19:20 IST">
          <params>
            <param index="0">
              <value>
                <![CDATA[[TestResult name=tc_NAG_NAGP_9_AddSubTask status=SUCCESS method=Test_WunderList_SubTask_API.tc_NAG_NAGP_9_AddSubTask(java.util.ArrayList, java.util.ArrayList)[pri:0, instance:com.nag.wunderList.testcases.Test_WunderList_SubTask_API@51cdd8a] output={null}]]]>
              </value>
            </param>
          </params>
          <reporter-output>
          </reporter-output>
        </test-method> <!-- getResult -->
        <test-method status="PASS" signature="initializeRestClient(java.lang.reflect.Method)[pri:0, instance:com.nag.wunderList.testcases.Test_WunderList_SubTask_API@51cdd8a]" name="initializeRestClient" is-config="true" duration-ms="1" started-at="2019-10-02T20:19:20 IST" finished-at="2019-10-02T20:19:20 IST">
          <params>
            <param index="0">
              <value>
                <![CDATA[public void com.nag.wunderList.testcases.Test_WunderList_SubTask_API.tc_NAG_NAGP_9_AddSubTask(java.util.ArrayList,java.util.ArrayList) throws java.lang.Exception]]>
              </value>
            </param>
          </params>
          <reporter-output>
          </reporter-output>
        </test-method> <!-- initializeRestClient -->
        <test-method status="PASS" signature="tc_NAG_NAGP_9_AddSubTask(java.util.ArrayList, java.util.ArrayList)[pri:0, instance:com.nag.wunderList.testcases.Test_WunderList_SubTask_API@51cdd8a]" name="tc_NAG_NAGP_9_AddSubTask" duration-ms="2784" started-at="2019-10-02T20:19:20 IST" description="Validate that a user is able to Add a SubTask using WunderLink API." data-provider="Add Subtasks" finished-at="2019-10-02T20:19:23 IST">
          <params>
            <param index="0">
              <value>
                <![CDATA[[task_id, title, completed]]]>
              </value>
            </param>
            <param index="1">
              <value>
                <![CDATA[[5447815366, Task for Family, false]]]>
              </value>
            </param>
          </params>
          <reporter-output>
          </reporter-output>
        </test-method> <!-- tc_NAG_NAGP_9_AddSubTask -->
        <test-method status="PASS" signature="getResult(org.testng.ITestResult)[pri:0, instance:com.nag.wunderList.testcases.Test_WunderList_SubTask_API@51cdd8a]" name="getResult" is-config="true" duration-ms="1" started-at="2019-10-02T20:19:23 IST" finished-at="2019-10-02T20:19:23 IST">
          <params>
            <param index="0">
              <value>
                <![CDATA[[TestResult name=tc_NAG_NAGP_9_AddSubTask status=SUCCESS method=Test_WunderList_SubTask_API.tc_NAG_NAGP_9_AddSubTask(java.util.ArrayList, java.util.ArrayList)[pri:0, instance:com.nag.wunderList.testcases.Test_WunderList_SubTask_API@51cdd8a] output={null}]]]>
              </value>
            </param>
          </params>
          <reporter-output>
          </reporter-output>
        </test-method> <!-- getResult -->
      </class> <!-- com.nag.wunderList.testcases.Test_WunderList_SubTask_API -->
      <class name="com.nag.wunderList.testcases.Test_WunderList_Notes_API">
        <test-method status="PASS" signature="initiate()[pri:0, instance:com.nag.wunderList.testcases.Test_WunderList_Notes_API@d44fc21]" name="initiate" is-config="true" duration-ms="1" started-at="2019-10-02T20:19:23 IST" finished-at="2019-10-02T20:19:23 IST">
          <reporter-output>
          </reporter-output>
        </test-method> <!-- initiate -->
        <test-method status="PASS" signature="initializeRestClient(java.lang.reflect.Method)[pri:0, instance:com.nag.wunderList.testcases.Test_WunderList_Notes_API@d44fc21]" name="initializeRestClient" is-config="true" duration-ms="0" started-at="2019-10-02T20:19:23 IST" finished-at="2019-10-02T20:19:23 IST">
          <params>
            <param index="0">
              <value>
                <![CDATA[public void com.nag.wunderList.testcases.Test_WunderList_Notes_API.tc_NAG_NAGP_14_AddGetUpdateDeleteGetNotes(java.util.ArrayList,java.util.ArrayList) throws java.lang.Exception]]>
              </value>
            </param>
          </params>
          <reporter-output>
          </reporter-output>
        </test-method> <!-- initializeRestClient -->
        <test-method status="PASS" signature="tc_NAG_NAGP_14_AddGetUpdateDeleteGetNotes(java.util.ArrayList, java.util.ArrayList)[pri:0, instance:com.nag.wunderList.testcases.Test_WunderList_Notes_API@d44fc21]" name="tc_NAG_NAGP_14_AddGetUpdateDeleteGetNotes" duration-ms="7680" started-at="2019-10-02T20:19:23 IST" description="Validate that a user is able to Update and Delete Notes after adding it using WunderLink API." data-provider="Add Notes" finished-at="2019-10-02T20:19:30 IST">
          <params>
            <param index="0">
              <value>
                <![CDATA[[content]]]>
              </value>
            </param>
            <param index="1">
              <value>
                <![CDATA[[Hey there.]]]>
              </value>
            </param>
          </params>
          <reporter-output>
          </reporter-output>
        </test-method> <!-- tc_NAG_NAGP_14_AddGetUpdateDeleteGetNotes -->
        <test-method status="PASS" signature="getResult(org.testng.ITestResult)[pri:0, instance:com.nag.wunderList.testcases.Test_WunderList_Notes_API@d44fc21]" name="getResult" is-config="true" duration-ms="1" started-at="2019-10-02T20:19:30 IST" finished-at="2019-10-02T20:19:30 IST">
          <params>
            <param index="0">
              <value>
                <![CDATA[[TestResult name=tc_NAG_NAGP_14_AddGetUpdateDeleteGetNotes status=SUCCESS method=Test_WunderList_Notes_API.tc_NAG_NAGP_14_AddGetUpdateDeleteGetNotes(java.util.ArrayList, java.util.ArrayList)[pri:0, instance:com.nag.wunderList.testcases.Test_WunderList_Notes_API@d44fc21] output={null}]]]>
              </value>
            </param>
          </params>
          <reporter-output>
          </reporter-output>
        </test-method> <!-- getResult -->
        <test-method status="PASS" signature="initializeRestClient(java.lang.reflect.Method)[pri:0, instance:com.nag.wunderList.testcases.Test_WunderList_Notes_API@d44fc21]" name="initializeRestClient" is-config="true" duration-ms="0" started-at="2019-10-02T20:19:30 IST" finished-at="2019-10-02T20:19:30 IST">
          <params>
            <param index="0">
              <value>
                <![CDATA[public void com.nag.wunderList.testcases.Test_WunderList_Notes_API.tc_NAG_NAGP_14_AddGetUpdateDeleteGetNotes(java.util.ArrayList,java.util.ArrayList) throws java.lang.Exception]]>
              </value>
            </param>
          </params>
          <reporter-output>
          </reporter-output>
        </test-method> <!-- initializeRestClient -->
        <test-method status="PASS" signature="tc_NAG_NAGP_14_AddGetUpdateDeleteGetNotes(java.util.ArrayList, java.util.ArrayList)[pri:0, instance:com.nag.wunderList.testcases.Test_WunderList_Notes_API@d44fc21]" name="tc_NAG_NAGP_14_AddGetUpdateDeleteGetNotes" duration-ms="5445" started-at="2019-10-02T20:19:30 IST" description="Validate that a user is able to Update and Delete Notes after adding it using WunderLink API." data-provider="Add Notes" finished-at="2019-10-02T20:19:36 IST">
          <params>
            <param index="0">
              <value>
                <![CDATA[[content, task_id]]]>
              </value>
            </param>
            <param index="1">
              <value>
                <![CDATA[[How are you.]]]>
              </value>
            </param>
          </params>
          <reporter-output>
          </reporter-output>
        </test-method> <!-- tc_NAG_NAGP_14_AddGetUpdateDeleteGetNotes -->
        <test-method status="PASS" signature="getResult(org.testng.ITestResult)[pri:0, instance:com.nag.wunderList.testcases.Test_WunderList_Notes_API@d44fc21]" name="getResult" is-config="true" duration-ms="2" started-at="2019-10-02T20:19:36 IST" finished-at="2019-10-02T20:19:36 IST">
          <params>
            <param index="0">
              <value>
                <![CDATA[[TestResult name=tc_NAG_NAGP_14_AddGetUpdateDeleteGetNotes status=SUCCESS method=Test_WunderList_Notes_API.tc_NAG_NAGP_14_AddGetUpdateDeleteGetNotes(java.util.ArrayList, java.util.ArrayList)[pri:0, instance:com.nag.wunderList.testcases.Test_WunderList_Notes_API@d44fc21] output={null}]]]>
              </value>
            </param>
          </params>
          <reporter-output>
          </reporter-output>
        </test-method> <!-- getResult -->
      </class> <!-- com.nag.wunderList.testcases.Test_WunderList_Notes_API -->
    </test> <!-- Wunderlist Rest API -->
  </suite> <!-- RegressionSuite -->
</testng-results>
